app/build/intermediates/manifest_merge_blame_file/debug/processDebugMainManifest/manifest-merger-blame-debug-report.txt
1<?xml version="1.0" encoding="utf-8"?>
2<manifest xmlns:android="http://schemas.android.com/apk/res/android"
3    package="com.adblocker.vpn.v2.debug"
4    android:versionCode="30"
5    android:versionName="6.4.4" >
6
7    <uses-sdk
8        android:minSdkVersion="26"
9        android:targetSdkVersion="35" />
10
11    <uses-permission android:name="android.permission.INTERNET" />
11-->src\main\AndroidManifest.xml:5:5-67
11-->src\main\AndroidManifest.xml:5:22-64
12    <uses-permission android:name="android.permission.ACCESS_NETWORK_STATE" />
12-->src\main\AndroidManifest.xml:6:5-79
12-->src\main\AndroidManifest.xml:6:22-76
13    <uses-permission android:name="android.permission.ACCESS_WIFI_STATE" />
13-->src\main\AndroidManifest.xml:7:5-76
13-->src\main\AndroidManifest.xml:7:22-73
14    <uses-permission android:name="android.permission.FOREGROUND_SERVICE" />
14-->src\main\AndroidManifest.xml:8:5-77
14-->src\main\AndroidManifest.xml:8:22-74
15    <uses-permission android:name="android.permission.FOREGROUND_SERVICE_SPECIAL_USE" />
15-->src\main\AndroidManifest.xml:9:5-89
15-->src\main\AndroidManifest.xml:9:22-86
16    <uses-permission android:name="android.permission.RECEIVE_BOOT_COMPLETED" />
16-->src\main\AndroidManifest.xml:10:5-81
16-->src\main\AndroidManifest.xml:10:22-78
17    <uses-permission android:name="android.permission.POST_NOTIFICATIONS" />
17-->src\main\AndroidManifest.xml:11:5-77
17-->src\main\AndroidManifest.xml:11:22-74
18    <uses-permission android:name="android.permission.READ_PHONE_STATE" />
18-->src\main\AndroidManifest.xml:12:5-75
18-->src\main\AndroidManifest.xml:12:22-72
19    <uses-permission android:name="android.permission.QUERY_ALL_PACKAGES" />
19-->src\main\AndroidManifest.xml:13:5-77
19-->src\main\AndroidManifest.xml:13:22-74
20    <uses-permission android:name="android.permission.REQUEST_INSTALL_PACKAGES" />
20-->src\main\AndroidManifest.xml:14:5-83
20-->src\main\AndroidManifest.xml:14:22-80
21    <uses-permission android:name="android.permission.WAKE_LOCK" />
21-->[androidx.work:work-runtime:2.9.1] AndroidManifest.xml:23:5-68
21-->[androidx.work:work-runtime:2.9.1] AndroidManifest.xml:23:22-65
22
23    <permission
23-->[androidx.core:core:1.13.1] AndroidManifest.xml:22:5-24:47
24        android:name="com.adblocker.vpn.v2.debug.DYNAMIC_RECEIVER_NOT_EXPORTED_PERMISSION"
24-->[androidx.core:core:1.13.1] AndroidManifest.xml:23:9-81
25        android:protectionLevel="signature" />
25-->[androidx.core:core:1.13.1] AndroidManifest.xml:24:9-44
26
27    <uses-permission android:name="com.adblocker.vpn.v2.debug.DYNAMIC_RECEIVER_NOT_EXPORTED_PERMISSION" />
27-->[androidx.core:core:1.13.1] AndroidManifest.xml:26:5-97
27-->[androidx.core:core:1.13.1] AndroidManifest.xml:26:22-94
28
29    <application
29-->src\main\AndroidManifest.xml:19:5-97:19
30        android:name="com.adblocker.vpn.AdBlockerApplication"
30-->src\main\AndroidManifest.xml:20:9-45
31        android:allowBackup="true"
31-->src\main\AndroidManifest.xml:21:9-35
32        android:appComponentFactory="androidx.core.app.CoreComponentFactory"
32-->[androidx.core:core:1.13.1] AndroidManifest.xml:28:18-86
33        android:dataExtractionRules="@xml/data_extraction_rules"
33-->src\main\AndroidManifest.xml:22:9-65
34        android:debuggable="true"
35        android:extractNativeLibs="false"
36        android:fullBackupContent="@xml/backup_rules"
36-->src\main\AndroidManifest.xml:23:9-54
37        android:icon="@drawable/custom_icon"
37-->src\main\AndroidManifest.xml:24:9-45
38        android:label="@string/app_name"
38-->src\main\AndroidManifest.xml:25:9-41
39        android:roundIcon="@drawable/custom_icon"
39-->src\main\AndroidManifest.xml:26:9-50
40        android:supportsRtl="true"
40-->src\main\AndroidManifest.xml:27:9-35
41        android:theme="@style/Theme.AdBlockerVPN" >
41-->src\main\AndroidManifest.xml:28:9-50
42        <activity
42-->src\main\AndroidManifest.xml:30:9-39:20
43            android:name="com.adblocker.vpn.MainActivity"
43-->src\main\AndroidManifest.xml:31:13-41
44            android:exported="true"
44-->src\main\AndroidManifest.xml:32:13-36
45            android:launchMode="singleTop"
45-->src\main\AndroidManifest.xml:33:13-43
46            android:theme="@style/Theme.AdBlockerVPN" >
46-->src\main\AndroidManifest.xml:34:13-54
47            <intent-filter>
47-->src\main\AndroidManifest.xml:35:13-38:29
48                <action android:name="android.intent.action.MAIN" />
48-->src\main\AndroidManifest.xml:36:17-69
48-->src\main\AndroidManifest.xml:36:25-66
49
50                <category android:name="android.intent.category.LAUNCHER" />
50-->src\main\AndroidManifest.xml:37:17-77
50-->src\main\AndroidManifest.xml:37:27-74
51            </intent-filter>
52        </activity>
53
54        <service
54-->src\main\AndroidManifest.xml:41:9-52:19
55            android:name="com.adblocker.vpn.vpn.AdBlockVpnService"
55-->src\main\AndroidManifest.xml:42:13-50
56            android:exported="false"
56-->src\main\AndroidManifest.xml:43:13-37
57            android:foregroundServiceType="specialUse"
57-->src\main\AndroidManifest.xml:44:13-55
58            android:permission="android.permission.BIND_VPN_SERVICE" >
58-->src\main\AndroidManifest.xml:45:13-69
59            <property
59-->src\main\AndroidManifest.xml:46:13-48:74
60                android:name="android.app.PROPERTY_SPECIAL_USE_FGS_SUBTYPE"
60-->src\main\AndroidManifest.xml:47:17-76
61                android:value="system-wide DNS ad-blocking VPN tunnel" />
61-->src\main\AndroidManifest.xml:48:17-71
62
63            <intent-filter>
63-->src\main\AndroidManifest.xml:49:13-51:29
64                <action android:name="android.net.VpnService" />
64-->src\main\AndroidManifest.xml:50:17-65
64-->src\main\AndroidManifest.xml:50:25-62
65            </intent-filter>
66        </service>
67
68        <receiver
68-->src\main\AndroidManifest.xml:54:9-61:20
69            android:name="com.adblocker.vpn.receiver.BootReceiver"
69-->src\main\AndroidManifest.xml:55:13-50
70            android:enabled="true"
70-->src\main\AndroidManifest.xml:57:13-35
71            android:exported="true" >
71-->src\main\AndroidManifest.xml:56:13-36
72            <intent-filter>
72-->src\main\AndroidManifest.xml:58:13-60:29
73                <action android:name="android.intent.action.BOOT_COMPLETED" />
73-->src\main\AndroidManifest.xml:59:17-79
73-->src\main\AndroidManifest.xml:59:25-76
74            </intent-filter>
75        </receiver>
76        <receiver
76-->src\main\AndroidManifest.xml:63:9-74:20
77            android:name="com.adblocker.vpn.receiver.VpnWidgetProvider"
77-->src\main\AndroidManifest.xml:64:13-55
78            android:exported="true" >
78-->src\main\AndroidManifest.xml:65:13-36
79            <intent-filter>
79-->src\main\AndroidManifest.xml:66:13-70:29
80                <action android:name="android.appwidget.action.APPWIDGET_UPDATE" />
80-->src\main\AndroidManifest.xml:67:17-84
80-->src\main\AndroidManifest.xml:67:25-81
81                <action android:name="com.adblocker.vpn.ACTION_TOGGLE_VPN" />
81-->src\main\AndroidManifest.xml:68:17-78
81-->src\main\AndroidManifest.xml:68:25-75
82                <action android:name="com.adblocker.vpn.ACTION_UPDATE_WIDGET" />
82-->src\main\AndroidManifest.xml:69:17-81
82-->src\main\AndroidManifest.xml:69:25-78
83            </intent-filter>
84
85            <meta-data
85-->src\main\AndroidManifest.xml:71:13-73:59
86                android:name="android.appwidget.provider"
86-->src\main\AndroidManifest.xml:72:17-58
87                android:resource="@xml/vpn_widget_info" />
87-->src\main\AndroidManifest.xml:73:17-56
88        </receiver>
89
90        <service
90-->src\main\AndroidManifest.xml:76:9-85:19
91            android:name="com.adblocker.vpn.service.VpnTileService"
91-->src\main\AndroidManifest.xml:77:13-51
92            android:exported="true"
92-->src\main\AndroidManifest.xml:78:13-36
93            android:icon="@drawable/custom_icon"
93-->src\main\AndroidManifest.xml:80:13-49
94            android:label="AdBlockVPN Toggle"
94-->src\main\AndroidManifest.xml:79:13-46
95            android:permission="android.permission.BIND_QUICK_SETTINGS_TILE" >
95-->src\main\AndroidManifest.xml:81:13-77
96            <intent-filter>
96-->src\main\AndroidManifest.xml:82:13-84:29
97                <action android:name="android.service.quicksettings.action.QS_TILE" />
97-->src\main\AndroidManifest.xml:83:17-87
97-->src\main\AndroidManifest.xml:83:25-84
98            </intent-filter>
99        </service>
100
101        <provider
102            android:name="androidx.core.content.FileProvider"
102-->src\main\AndroidManifest.xml:88:13-62
103            android:authorities="com.adblocker.vpn.v2.debug.fileprovider"
103-->src\main\AndroidManifest.xml:89:13-64
104            android:exported="false"
104-->src\main\AndroidManifest.xml:90:13-37
105            android:grantUriPermissions="true" >
105-->src\main\AndroidManifest.xml:91:13-47
106            <meta-data
106-->src\main\AndroidManifest.xml:92:13-94:53
107                android:name="android.support.FILE_PROVIDER_PATHS"
107-->src\main\AndroidManifest.xml:93:17-67
108                android:resource="@xml/filepaths" />
108-->src\main\AndroidManifest.xml:94:17-50
109        </provider>
110        <provider
110-->[androidx.work:work-runtime:2.9.1] AndroidManifest.xml:29:9-37:20
111            android:name="androidx.startup.InitializationProvider"
111-->[androidx.work:work-runtime:2.9.1] AndroidManifest.xml:30:13-67
112            android:authorities="com.adblocker.vpn.v2.debug.androidx-startup"
112-->[androidx.work:work-runtime:2.9.1] AndroidManifest.xml:31:13-68
113            android:exported="false" >
113-->[androidx.work:work-runtime:2.9.1] AndroidManifest.xml:32:13-37
114            <meta-data
114-->[androidx.work:work-runtime:2.9.1] AndroidManifest.xml:34:13-36:52
115                android:name="androidx.work.WorkManagerInitializer"
115-->[androidx.work:work-runtime:2.9.1] AndroidManifest.xml:35:17-68
116                android:value="androidx.startup" />
116-->[androidx.work:work-runtime:2.9.1] AndroidManifest.xml:36:17-49
117            <meta-data
117-->[androidx.emoji2:emoji2:1.3.0] AndroidManifest.xml:29:13-31:52
118                android:name="androidx.emoji2.text.EmojiCompatInitializer"
118-->[androidx.emoji2:emoji2:1.3.0] AndroidManifest.xml:30:17-75
119                android:value="androidx.startup" />
119-->[androidx.emoji2:emoji2:1.3.0] AndroidManifest.xml:31:17-49
120            <meta-data
120-->[androidx.lifecycle:lifecycle-process:2.8.4] AndroidManifest.xml:29:13-31:52
121                android:name="androidx.lifecycle.ProcessLifecycleInitializer"
121-->[androidx.lifecycle:lifecycle-process:2.8.4] AndroidManifest.xml:30:17-78
122                android:value="androidx.startup" />
122-->[androidx.lifecycle:lifecycle-process:2.8.4] AndroidManifest.xml:31:17-49
123            <meta-data
123-->[androidx.profileinstaller:profileinstaller:1.3.1] AndroidManifest.xml:29:13-31:52
124                android:name="androidx.profileinstaller.ProfileInstallerInitializer"
124-->[androidx.profileinstaller:profileinstaller:1.3.1] AndroidManifest.xml:30:17-85
125                android:value="androidx.startup" />
125-->[androidx.profileinstaller:profileinstaller:1.3.1] AndroidManifest.xml:31:17-49
126        </provider>
127
128        <service
128-->[androidx.work:work-runtime:2.9.1] AndroidManifest.xml:39:9-45:35
129            android:name="androidx.work.impl.background.systemalarm.SystemAlarmService"
129-->[androidx.work:work-runtime:2.9.1] AndroidManifest.xml:40:13-88
130            android:directBootAware="false"
130-->[androidx.work:work-runtime:2.9.1] AndroidManifest.xml:41:13-44
131            android:enabled="@bool/enable_system_alarm_service_default"
131-->[androidx.work:work-runtime:2.9.1] AndroidManifest.xml:42:13-72
132            android:exported="false" />
132-->[androidx.work:work-runtime:2.9.1] AndroidManifest.xml:43:13-37
133        <service
133-->[androidx.work:work-runtime:2.9.1] AndroidManifest.xml:46:9-52:35
134            android:name="androidx.work.impl.background.systemjob.SystemJobService"
134-->[androidx.work:work-runtime:2.9.1] AndroidManifest.xml:47:13-84
135            android:directBootAware="false"
135-->[androidx.work:work-runtime:2.9.1] AndroidManifest.xml:48:13-44
136            android:enabled="@bool/enable_system_job_service_default"
136-->[androidx.work:work-runtime:2.9.1] AndroidManifest.xml:49:13-70
137            android:exported="true"
137-->[androidx.work:work-runtime:2.9.1] AndroidManifest.xml:50:13-36
138            android:permission="android.permission.BIND_JOB_SERVICE" />
138-->[androidx.work:work-runtime:2.9.1] AndroidManifest.xml:51:13-69
139        <service
139-->[androidx.work:work-runtime:2.9.1] AndroidManifest.xml:53:9-59:35
140            android:name="androidx.work.impl.foreground.SystemForegroundService"
140-->[androidx.work:work-runtime:2.9.1] AndroidManifest.xml:54:13-81
141            android:directBootAware="false"
141-->[androidx.work:work-runtime:2.9.1] AndroidManifest.xml:55:13-44
142            android:enabled="@bool/enable_system_foreground_service_default"
142-->[androidx.work:work-runtime:2.9.1] AndroidManifest.xml:56:13-77
143            android:exported="false" />
143-->[androidx.work:work-runtime:2.9.1] AndroidManifest.xml:57:13-37
144
145        <receiver
145-->[androidx.work:work-runtime:2.9.1] AndroidManifest.xml:61:9-66:35
146            android:name="androidx.work.impl.utils.ForceStopRunnable$BroadcastReceiver"
146-->[androidx.work:work-runtime:2.9.1] AndroidManifest.xml:62:13-88
147            android:directBootAware="false"
147-->[androidx.work:work-runtime:2.9.1] AndroidManifest.xml:63:13-44
148            android:enabled="true"
148-->[androidx.work:work-runtime:2.9.1] AndroidManifest.xml:64:13-35
149            android:exported="false" />
149-->[androidx.work:work-runtime:2.9.1] AndroidManifest.xml:65:13-37
150        <receiver
150-->[androidx.work:work-runtime:2.9.1] AndroidManifest.xml:67:9-77:20
151            android:name="androidx.work.impl.background.systemalarm.ConstraintProxy$BatteryChargingProxy"
151-->[androidx.work:work-runtime:2.9.1] AndroidManifest.xml:68:13-106
152            android:directBootAware="false"
152-->[androidx.work:work-runtime:2.9.1] AndroidManifest.xml:69:13-44
153            android:enabled="false"
153-->[androidx.work:work-runtime:2.9.1] AndroidManifest.xml:70:13-36
154            android:exported="false" >
154-->[androidx.work:work-runtime:2.9.1] AndroidManifest.xml:71:13-37
155            <intent-filter>
155-->[androidx.work:work-runtime:2.9.1] AndroidManifest.xml:73:13-76:29
156                <action android:name="android.intent.action.ACTION_POWER_CONNECTED" />
156-->[androidx.work:work-runtime:2.9.1] AndroidManifest.xml:74:17-87
156-->[androidx.work:work-runtime:2.9.1] AndroidManifest.xml:74:25-84
157                <action android:name="android.intent.action.ACTION_POWER_DISCONNECTED" />
157-->[androidx.work:work-runtime:2.9.1] AndroidManifest.xml:75:17-90
157-->[androidx.work:work-runtime:2.9.1] AndroidManifest.xml:75:25-87
158            </intent-filter>
159        </receiver>
160        <receiver
160-->[androidx.work:work-runtime:2.9.1] AndroidManifest.xml:78:9-88:20
161            android:name="androidx.work.impl.background.systemalarm.ConstraintProxy$BatteryNotLowProxy"
161-->[androidx.work:work-runtime:2.9.1] AndroidManifest.xml:79:13-104
162            android:directBootAware="false"
162-->[androidx.work:work-runtime:2.9.1] AndroidManifest.xml:80:13-44
163            android:enabled="false"
163-->[androidx.work:work-runtime:2.9.1] AndroidManifest.xml:81:13-36
164            android:exported="false" >
164-->[androidx.work:work-runtime:2.9.1] AndroidManifest.xml:82:13-37
165            <intent-filter>
165-->[androidx.work:work-runtime:2.9.1] AndroidManifest.xml:84:13-87:29
166                <action android:name="android.intent.action.BATTERY_OKAY" />
166-->[androidx.work:work-runtime:2.9.1] AndroidManifest.xml:85:17-77
166-->[androidx.work:work-runtime:2.9.1] AndroidManifest.xml:85:25-74
167                <action android:name="android.intent.action.BATTERY_LOW" />
167-->[androidx.work:work-runtime:2.9.1] AndroidManifest.xml:86:17-76
167-->[androidx.work:work-runtime:2.9.1] AndroidManifest.xml:86:25-73
168            </intent-filter>
169        </receiver>
170        <receiver
170-->[androidx.work:work-runtime:2.9.1] AndroidManifest.xml:89:9-99:20
171            android:name="androidx.work.impl.background.systemalarm.ConstraintProxy$StorageNotLowProxy"
171-->[androidx.work:work-runtime:2.9.1] AndroidManifest.xml:90:13-104
172            android:directBootAware="false"
172-->[androidx.work:work-runtime:2.9.1] AndroidManifest.xml:91:13-44
173            android:enabled="false"
173-->[androidx.work:work-runtime:2.9.1] AndroidManifest.xml:92:13-36
174            android:exported="false" >
174-->[androidx.work:work-runtime:2.9.1] AndroidManifest.xml:93:13-37
175            <intent-filter>
175-->[androidx.work:work-runtime:2.9.1] AndroidManifest.xml:95:13-98:29
176                <action android:name="android.intent.action.DEVICE_STORAGE_LOW" />
176-->[androidx.work:work-runtime:2.9.1] AndroidManifest.xml:96:17-83
176-->[androidx.work:work-runtime:2.9.1] AndroidManifest.xml:96:25-80
177                <action android:name="android.intent.action.DEVICE_STORAGE_OK" />
177-->[androidx.work:work-runtime:2.9.1] AndroidManifest.xml:97:17-82
177-->[androidx.work:work-runtime:2.9.1] AndroidManifest.xml:97:25-79
178            </intent-filter>
179        </receiver>
180        <receiver
180-->[androidx.work:work-runtime:2.9.1] AndroidManifest.xml:100:9-109:20
181            android:name="androidx.work.impl.background.systemalarm.ConstraintProxy$NetworkStateProxy"
181-->[androidx.work:work-runtime:2.9.1] AndroidManifest.xml:101:13-103
182            android:directBootAware="false"
182-->[androidx.work:work-runtime:2.9.1] AndroidManifest.xml:102:13-44
183            android:enabled="false"
183-->[androidx.work:work-runtime:2.9.1] AndroidManifest.xml:103:13-36
184            android:exported="false" >
184-->[androidx.work:work-runtime:2.9.1] AndroidManifest.xml:104:13-37
185            <intent-filter>
185-->[androidx.work:work-runtime:2.9.1] AndroidManifest.xml:106:13-108:29
186                <action android:name="android.net.conn.CONNECTIVITY_CHANGE" />
186-->[androidx.work:work-runtime:2.9.1] AndroidManifest.xml:107:17-79
186-->[androidx.work:work-runtime:2.9.1] AndroidManifest.xml:107:25-76
187            </intent-filter>
188        </receiver>
189        <receiver
189-->[androidx.work:work-runtime:2.9.1] AndroidManifest.xml:110:9-121:20
190            android:name="androidx.work.impl.background.systemalarm.RescheduleReceiver"
190-->[androidx.work:work-runtime:2.9.1] AndroidManifest.xml:111:13-88
191            android:directBootAware="false"
191-->[androidx.work:work-runtime:2.9.1] AndroidManifest.xml:112:13-44
192            android:enabled="false"
192-->[androidx.work:work-runtime:2.9.1] AndroidManifest.xml:113:13-36
193            android:exported="false" >
193-->[androidx.work:work-runtime:2.9.1] AndroidManifest.xml:114:13-37
194            <intent-filter>
194-->[androidx.work:work-runtime:2.9.1] AndroidManifest.xml:116:13-120:29
195                <action android:name="android.intent.action.BOOT_COMPLETED" />
195-->src\main\AndroidManifest.xml:59:17-79
195-->src\main\AndroidManifest.xml:59:25-76
196                <action android:name="android.intent.action.TIME_SET" />
196-->[androidx.work:work-runtime:2.9.1] AndroidManifest.xml:118:17-73
196-->[androidx.work:work-runtime:2.9.1] AndroidManifest.xml:118:25-70
197                <action android:name="android.intent.action.TIMEZONE_CHANGED" />
197-->[androidx.work:work-runtime:2.9.1] AndroidManifest.xml:119:17-81
197-->[androidx.work:work-runtime:2.9.1] AndroidManifest.xml:119:25-78
198            </intent-filter>
199        </receiver>
200        <receiver
200-->[androidx.work:work-runtime:2.9.1] AndroidManifest.xml:122:9-131:20
201            android:name="androidx.work.impl.background.systemalarm.ConstraintProxyUpdateReceiver"
201-->[androidx.work:work-runtime:2.9.1] AndroidManifest.xml:123:13-99
202            android:directBootAware="false"
202-->[androidx.work:work-runtime:2.9.1] AndroidManifest.xml:124:13-44
203            android:enabled="@bool/enable_system_alarm_service_default"
203-->[androidx.work:work-runtime:2.9.1] AndroidManifest.xml:125:13-72
204            android:exported="false" >
204-->[androidx.work:work-runtime:2.9.1] AndroidManifest.xml:126:13-37
205            <intent-filter>
205-->[androidx.work:work-runtime:2.9.1] AndroidManifest.xml:128:13-130:29
206                <action android:name="androidx.work.impl.background.systemalarm.UpdateProxies" />
206-->[androidx.work:work-runtime:2.9.1] AndroidManifest.xml:129:17-98
206-->[androidx.work:work-runtime:2.9.1] AndroidManifest.xml:129:25-95
207            </intent-filter>
208        </receiver>
209        <receiver
209-->[androidx.work:work-runtime:2.9.1] AndroidManifest.xml:132:9-142:20
210            android:name="androidx.work.impl.diagnostics.DiagnosticsReceiver"
210-->[androidx.work:work-runtime:2.9.1] AndroidManifest.xml:133:13-78
211            android:directBootAware="false"
211-->[androidx.work:work-runtime:2.9.1] AndroidManifest.xml:134:13-44
212            android:enabled="true"
212-->[androidx.work:work-runtime:2.9.1] AndroidManifest.xml:135:13-35
213            android:exported="true"
213-->[androidx.work:work-runtime:2.9.1] AndroidManifest.xml:136:13-36
214            android:permission="android.permission.DUMP" >
214-->[androidx.work:work-runtime:2.9.1] AndroidManifest.xml:137:13-57
215            <intent-filter>
215-->[androidx.work:work-runtime:2.9.1] AndroidManifest.xml:139:13-141:29
216                <action android:name="androidx.work.diagnostics.REQUEST_DIAGNOSTICS" />
216-->[androidx.work:work-runtime:2.9.1] AndroidManifest.xml:140:17-88
216-->[androidx.work:work-runtime:2.9.1] AndroidManifest.xml:140:25-85
217            </intent-filter>
218        </receiver>
219
220        <activity
220-->[androidx.compose.ui:ui-tooling-android:1.6.8] AndroidManifest.xml:23:9-25:39
221            android:name="androidx.compose.ui.tooling.PreviewActivity"
221-->[androidx.compose.ui:ui-tooling-android:1.6.8] AndroidManifest.xml:24:13-71
222            android:exported="true" />
222-->[androidx.compose.ui:ui-tooling-android:1.6.8] AndroidManifest.xml:25:13-36
223
224        <service
224-->[androidx.room:room-runtime:2.6.1] AndroidManifest.xml:24:9-28:63
225            android:name="androidx.room.MultiInstanceInvalidationService"
225-->[androidx.room:room-runtime:2.6.1] AndroidManifest.xml:25:13-74
226            android:directBootAware="true"
226-->[androidx.room:room-runtime:2.6.1] AndroidManifest.xml:26:13-43
227            android:exported="false" />
227-->[androidx.room:room-runtime:2.6.1] AndroidManifest.xml:27:13-37
228
229        <receiver
229-->[androidx.profileinstaller:profileinstaller:1.3.1] AndroidManifest.xml:34:9-52:20
230            android:name="androidx.profileinstaller.ProfileInstallReceiver"
230-->[androidx.profileinstaller:profileinstaller:1.3.1] AndroidManifest.xml:35:13-76
231            android:directBootAware="false"
231-->[androidx.profileinstaller:profileinstaller:1.3.1] AndroidManifest.xml:36:13-44
232            android:enabled="true"
232-->[androidx.profileinstaller:profileinstaller:1.3.1] AndroidManifest.xml:37:13-35
233            android:exported="true"
233-->[androidx.profileinstaller:profileinstaller:1.3.1] AndroidManifest.xml:38:13-36
234            android:permission="android.permission.DUMP" >
234-->[androidx.profileinstaller:profileinstaller:1.3.1] AndroidManifest.xml:39:13-57
235            <intent-filter>
235-->[androidx.profileinstaller:profileinstaller:1.3.1] AndroidManifest.xml:40:13-42:29
236                <action android:name="androidx.profileinstaller.action.INSTALL_PROFILE" />
236-->[androidx.profileinstaller:profileinstaller:1.3.1] AndroidManifest.xml:41:17-91
236-->[androidx.profileinstaller:profileinstaller:1.3.1] AndroidManifest.xml:41:25-88
237            </intent-filter>
238            <intent-filter>
238-->[androidx.profileinstaller:profileinstaller:1.3.1] AndroidManifest.xml:43:13-45:29
239                <action android:name="androidx.profileinstaller.action.SKIP_FILE" />
239-->[androidx.profileinstaller:profileinstaller:1.3.1] AndroidManifest.xml:44:17-85
239-->[androidx.profileinstaller:profileinstaller:1.3.1] AndroidManifest.xml:44:25-82
240            </intent-filter>
241            <intent-filter>
241-->[androidx.profileinstaller:profileinstaller:1.3.1] AndroidManifest.xml:46:13-48:29
242                <action android:name="androidx.profileinstaller.action.SAVE_PROFILE" />
242-->[androidx.profileinstaller:profileinstaller:1.3.1] AndroidManifest.xml:47:17-88
242-->[androidx.profileinstaller:profileinstaller:1.3.1] AndroidManifest.xml:47:25-85
243            </intent-filter>
244            <intent-filter>
244-->[androidx.profileinstaller:profileinstaller:1.3.1] AndroidManifest.xml:49:13-51:29
245                <action android:name="androidx.profileinstaller.action.BENCHMARK_OPERATION" />
245-->[androidx.profileinstaller:profileinstaller:1.3.1] AndroidManifest.xml:50:17-95
245-->[androidx.profileinstaller:profileinstaller:1.3.1] AndroidManifest.xml:50:25-92
246            </intent-filter>
247        </receiver>
248    </application>
249
250</manifest>